<?xml version="1.0" encoding="UTF-8"?>
<!-- Generated by org.testng.reporters.JUnitXMLReporter -->
<testsuite ignored="14" hostname="DESKTOP-PCR30MG" failures="0" tests="0" name="Test" time="2.783" errors="0" timestamp="2023-10-05T10:58:44 IST">
  <testcase classname="com.framework.android.testcases.homeScreenTabTests.HomeScreenTabTest" name="verifyTabsForNewUser" time="0.0">
    <ignored/>
  </testcase> <!-- verifyTabsForNewUser -->
  <testcase classname="com.framework.android.testcases.onBoardingFlowTests.OnBoardingFlowTest" name="verifyKeyboardAutoOpenForUpdateNameField" time="0.0">
    <ignored/>
  </testcase> <!-- verifyKeyboardAutoOpenForUpdateNameField -->
  <testcase classname="com.framework.android.testcases.newUserFlowTests.NewUserFlowTest" name="verifyTopFiftyBulkFollowButtonOnFeedTab" time="0.0">
    <ignored/>
  </testcase> <!-- verifyTopFiftyBulkFollowButtonOnFeedTab -->
  <testcase classname="com.framework.android.testcases.kooRewardsProgramsTest.ReferAndEarnTest" name="verifyTransactionAndCoinPage" time="0.0">
    <ignored/>
  </testcase> <!-- verifyTransactionAndCoinPage -->
  <testcase classname="com.framework.android.testcases.kooRewardsProgramsTest.ReferAndEarnTest" name="verifyRewardsPage" time="0.0">
    <ignored/>
  </testcase> <!-- verifyRewardsPage -->
  <testcase classname="com.framework.android.testcases.onBoardingFlowTests.OnBoardingFlowTest" name="verifyUserCanUploadProfilePicture" time="0.0">
    <ignored/>
  </testcase> <!-- verifyUserCanUploadProfilePicture -->
  <testcase classname="com.framework.android.testcases.exploreScreenTests.TrendingTest" name="verifyFirstHashTagOnClickOfTopImage" time="0.0">
    <ignored/>
  </testcase> <!-- verifyFirstHashTagOnClickOfTopImage -->
  <testcase classname="com.framework.android.testcases.onBoardingFlowTests.OnBoardingFlowTest" name="verifyUserCanSelectInterest" time="0.0">
    <ignored/>
  </testcase> <!-- verifyUserCanSelectInterest -->
  <testcase classname="com.framework.android.testcases.registrationAndLoginFlowTests.ProductExplainerTest" name="verifyUserCanLoginWithEmail" time="0.0">
    <ignored/>
  </testcase> <!-- verifyUserCanLoginWithEmail -->
  <testcase classname="com.framework.android.testcases.homeScreenTabTests.HomeScreenTabTest" name="verifySelectedTopicShouldVisible" time="0.0">
    <ignored/>
  </testcase> <!-- verifySelectedTopicShouldVisible -->
  <testcase classname="com.framework.android.testcases.kooRewardsProgramsTest.ReferAndEarnTest" name="verifywithdrawPage" time="0.0">
    <ignored/>
  </testcase> <!-- verifywithdrawPage -->
  <testcase classname="com.framework.android.testcases.newUserFlowTests.NewUserFlowTest" name="verifyBulkFollowAndSBF" time="0.0">
    <ignored/>
  </testcase> <!-- verifyBulkFollowAndSBF -->
  <testcase classname="com.framework.android.testcases.kooCreationTests.KooCreationScreenTest" name="verifyEditKoo" time="0.0">
    <ignored/>
  </testcase> <!-- verifyEditKoo -->
  <testcase classname="com.framework.android.testcases.onBoardingFlowTests.OnBoardingFlowTest" name="verifyTopicsArrangedInCategories" time="0.0">
    <ignored/>
  </testcase> <!-- verifyTopicsArrangedInCategories -->
</testsuite> <!-- Test -->
